http://www.astra-agro.co.id
www.mahakax.com
www.myoona.id
www.abm-investama.com
www.acehardware.co.id
https//www.samcro.co.id
www.acset.co
www.adcp.co.id
www.akashainternational.com
www.adhi.co.id
www.adira.co.id
www.polychemindo.com
www.adarominerals.id
www.adaro.com
https://www.aegisfilter.co.id/
www.asiamina.com
www.anekagas.com
bankraya.co.id
www.ibk.co.id
www.asuransi-harta.co.id
www.aimsinvestama.com
www.fksfs.co.id
kagumgroup.com
http://www.arghakarya.com
www.akr.co.id
www.msdm.co.id
www.alkindo.co.id 
www.ancaralogistics.co.id
www.alumindo.com
www.ALTOspringswater.com 
www.mag.co.id
mbagroup.id
www.amarbank.co.id
www.amfg.co.id
www.atmindoboiler.com
www.amman.co.id
www.agungmm.com
www.ashmoregroup.com
www.alfamart.co.id
www.andiraagro.com
www.anj-group.com
http://www.antam.com/
http://www.apexindo.com
www.apic.co.id
www.arita.co.id
www.agungpodomoroland.com
www.archiindonesia.com
www.area31.id
argo.co.id
www.atlas-coal.co.id
www.arkhajayanti.co.id
www.arkora.com
www.armidian.co.id
arwanacitra.com
www.arthavest.com
www.ratuprabuenergi.com 
www.jago.com
www.asuransibintang.com
www.asuransidayinmitra.com
www.astragraphia.co.id
www.csfi.co.id
www.astra.co.id
www.jastan.co.id
www.autopedia.id
www.asrikaryalestari.co.id
www.asuransimaximus.com
www.ansa-land.com
www.alamsuterarealty.co.id
www.assarent.co.id
www.trimitraprawaraland.co.id
www.anabatic.com
www.atlantissubsea.com
http://www.component.astra.co.id
www.avianbrands.com
www.ptedm.com
www.terra.co.id
www.januputrasejahtera.com
www.agroyasalestari.com
www.mncbank.co.id
kanmomultitrend.id
www.bankcapital.co.id
www.ptbersamamencapaipuncak.com
http://www.saranacentral.com
www.balitower.co.id
www.aladinbank.id
www.bekasiasripemula.co.id
www.bhaktiagung.com
www.bata.id
https://www.bentengapi.com/
www.masworkspace.com
http://www.bayubuanatravel.com  dan  http://www.bayubuanagroup.com
www.bca.co.id
www.allobank.com
www.kbbukopin.com
www.buanafinance.co.id
www.bankmestika.com
www.bni.co.id
www.bri.co.id
www.bbr.co.id 
www.krom.id
www.bumibenowo.com
www.btn.co.id
http://www.bankneocommerce.co.id/
www.mncfinancialservices.com
www.jtrustbank.co.id 
www.bumicitrapermai.com
www.ptbppid.com
http://www.danamon.co.id/
www.berkahbetonsadaya.com
www.kibif.com
www.jobubu.com
www.bankbanten.co.id
https://about.blibli.com/id
www.trisulatextile.com
www.batulicinnusantaramaritim.com
www.befa.id
www.bfi.co.id 
www.bankganesha.co.id
www.bhaktimultiartha.co.id
www.mncgroup.com
www.bpg.id
www.sepedabersamaindonesia.co.id
www.bankina.co.id
www.permaplasindo.co.id
www.astrindonusantara.com
www.bipp.co.id
www.bluebirdgroup.com
www.bisi.co.id
www.bankjabarbanten.co.id
www.bankjatim.co.id
www.bukitdarmoproperty.com 
www.bukitsentul.co.id
qnb.co.id
superiorprimasukses.com
www.blt.co.id
www.cgv.id
www.blueprint-indonesia.com
www.bankmaspion.co.id
http://www.lavenderprograms.com/
www.bmhs.co.id
www.bankmandiri.co.id 
mediacom.co.id
www.bankbba.co.id
www.bakrie-brothers.com
www.cimbniaga.com
www.maybank.co.id
www.permatabank.co.id
www.bobaking.co.id
www.bintangotoglobal.com
www.baliutd.com
www.garudametalindo.com
www.bosscoal.com
www.woorifinance.co.id
www.bpinternasional.com
http://www.bataviarent.com/
www.indokordsa.com
www.baritorenewables.co.id
www.bankbsi.co.id
www.bumiresourcesminerals.com
www.berlina.co.id
www.barito-pacific.com
www.balikpapansuperblock.com
www.bsdcity.com
www.banksinarmas.com
www.bsmllines.com
www.bssr.co.id 
www.boiindonesia.co.id
www.btek.co.id
http://www.bakrietelecom.com
www.btpn.com 
www.btpnsyariah.com
www.sk-indonesia.com
http://www.budistarchsweetener.com 
www.bukalapak.com
ttp://www.bukaka.com 
www.bull.co.id
http://www.bumiresources.com
www.buvagroup.com
www.victoriabank.co.id
www.eaglehighplantations.com
www.bayan.com.sg
www.kaisar-ceramics.com
www.campina.co.id
www.cani.co.id
www.metrohealthcareindonesia.co.id
www.bintracodharma.com
www.capitalfinancial.co.id
www.cashlez.com
www.pt-cas.com
www.cbm-furniture.com
www.citrabuanaprasida.co.id
www.cbre.co.id
www.citraborneoutama.co.id
www.ccsi.co.id
www.wilmarcahayaindonesia.com
www.centratamagroup.com
www.clipan.co.id
www.cng.co.id
www.chemstarindonesia.com
www.pelitateknologi.com
www.chitose-indonesia.com
citamineral.com
www.naturacity.co.id
https://www.cpr.co.id/
www.tanobel.com
www.colorpak.co.id
www.cmnp.co.id
www.cemindo.com
https://ir.aaid.co.id/
www.cimory.com
www.energigroupindonesia.com
www.cinema21.co.id
htpp://www.toray.co.id/centex/
www.blackdiamontbk.com
www.wahana-interfood.com
-
www.cp.co.id
www.caprinusa.com
www.cpp.co.id
www.tobasurimi.com
www.carsurin.com
www.csahome.com
www.csis.co.id
www.ciptaseleramurni.co.id
 www.csr.co.id 
www.citratubindo.com
www.ciputradevelopment.com
http://www.citatah.co.id
www.petrindo.co.id
https://www.itsec.asia/
http://www.diamondland.id/
0
https//remala.id
www.watsons.biz.id
www.dci-indonesia.com
www.dfilogistics.com
www.danasupra.com
www.depobangunan.co.id
www.ptdh.co.id
www.dewishrifarmindo.com
www.dafamproperty.com
http://www.nusakonstruksi.com
www.diagnos.co.id
www.arkadiacorp.com
www.intiland.com
www.ptdvn.com
centralomega.com
www.deltajkt.co.id
www.deltamas.id
www.dmmgroup.id
www.diamondfoodindonesia.com
www.okbank.co.id
www.indoritel.co.id
www.deltadunia.com
https://www.sspace.id
www.globalsuksesdigital.com
-
www.duaputra.co.id
www.dharmagroup.co.id
www.dsfi.id
www.dsn.co.id
www.dssa.co.id
jbi.reqcode.com
www.sinarmasland.com
http://www.darya-varia.com
www.dwigunalaksana.co.id 
www.dyandramedia.com
www.eastparc.co.id
www.corp.electronic-city.com
www.indonet.co.id
www.ekadharma.com
www.elitery.com
www.pnep.co.id
www.elnusa.co.id
http://www.bakrieland.com
www.megapolitan-group.com
www.emtek.co.id
www.champ-group.com
www.emp.id
www.envytech.co.id
www.morenzo.co.id
www.epack.co.id
www.enseval.com
www.erajaya.com
www.ses.id
 www.eratexco.com 
https://sinergiplastama.co.id/
	www.essa.id 
www.estamultiusaha.co.id
www.evershinetex.com
www.eterindo.com
www.esteegoldaerosol.com
www.xl.co.id
www.fap-agri.com
http://www.kfcindonesia.com
www.fajarpaper.com 
www.mdentertainment.com/pictures/
www.fimperkasautama.co.id
www.alfacentra.com
www.fksmultiagro.com
www.fitratbk.co.id
www.falmaco-nonwoven.com
www.fmiindo.com
folkgroup.co
www.sentrafood.co.id
www.foru.co.id
www.forzaland.com
www.lottechem.co.id 
www.smartfren.com
www.fujifinance.com
https://futurphuture.io/
http://wijayacahayatimber.com/
www.gadingdevelopment.com
www.gunawansteel.com
https://www.goodyear-indonesia.com/
ggs.co.id
www.goldenenergymines.com
www.gudanggaramtbk.com
www.gunungrajapaksi.com
	www.gihon-indonesia.com
www.garuda-indonesia.com
www.gt-tires.com
http://globekitaterang.co.id
www.gtc.co.id
www.gmf-aeroasia.co.id 
www.tanjungbunga.com
www.ptvti.co.id
www.golflinkresorts.co.id
www.goldenplantation.com
www.garudafood.com
www.gotocompany.com
www.gapuraprima.com
www.geoprima.co.id
ingriagroup.com
www.griptha.com
https://grahaprimamentari.co.id/
www.theequityone.com
www.gtb.co.id
www.grahatrans.com
http://gtsi.co.id
www.amanagrindo.co.id
www.gunanusaeramandiri.com
http://www.greenwoodsejahtera.com
www.gozco.com/plantations/home/
https://himalayaenergi.co.id/
https://www.pthis.id 
https://abttravel.id
http://halonijane.co.id/
www.habcomaritima.com
https://mmhebat.co.id/
www.radanafinance.co.id
www.hdi.co.id
www.panasiagroup.co.id
www.herminahospitals.com
www.jatigroup.com 
http://www.hero.co.id
www.hexindo-tbk.co.id
www.hillcon.co.id
 www.hits.co.id
www.hkmu.co.id
www.sampoerna.com
www.topikoki.com
Tdk berubah
www.granddevelopment.id
hdp.co.id
www.saraswatiborobudur.com
www.hrme.co.id
www.hartadinata.com
www.harumenergy.com
www.humi.co.id
www.ecocare.id
www.mncenergy.com
www.ibf.co.id
www.indobogasukses.com
www.ibstower.com
www.indofoodcbp.com
www.islandconcepts.id 
www.ideaindonesia.com
www.indopora.com
www.pt-ifi.com
www.ifishdeco.com 
0
www.iikp.com
www.intikeramik.com
www.indonesiaseafood.net
0
www.ikapharmindo.com
www.indomobil.com
www.indomobilmultijasa.com
www.impack-pratama.com
www.indofarma.id
http://www.indalcorp.com
www.indokomoditikorpora.com


www.intanwijaya.com 
http://www.vale.com/indonesia
www.indofood.com
www.royalindo.id
www.indorama.co.id 
www.indospring.co.id
www.tanahlaut.co.id
www.indikaenergy.co.id
www.siapnetworks.co.id
www.app.co.id
www.inocycle.com
www.arthagraha.com
www.paradiseindonesia.com
http://www.inprasegroup.co.id/
www.tobapulp.com
www.intracopenta.com
www.inter-delta.co.id
http://www.indocement.co.id
www.foxlogger.co.id
www.eraindonesia.com
www.indonesiacarterminal.co.id
www.ipcmarine.co.id
www.ilenefilms.com
https://indopureco.co.id/
www.mncvisionnetworks.com
http://itama.co.id/
www.aviana.co.id
www.isra.co.id
indosatooredoo.com
www.indoamericanseafoods.com
www.spindo.com 
www.indonesiantobacco.com
https://www.energi-andalan.co.id/
-
www.ptjar.com
www.jasnita.co.id
www.jatismobile.com
www.jawattie.com
www.armadaberjaya.com
http://www.jembo.com
www.jungleseries.co.id
http://www.jihd.co.id
www.jayakonstruksi.com
0
www.jmasyariah.com
http://www.japfacomfeed.co.id
www.jayaproperty.com
www.sky-energy.co.id
www.jasamarga.com
www.jsi.co.id
www.jasuindo.com
http://www.kimiafarma.co.id
www.ijp.co.id
www.darbewood.com
www.kbag.co.id
www.kmi.co.id
www.kabelindo.co.id
www.firstmedia.co.id
www.kbrindonesia.com
0
www.kedaton8.com
www.kencanaenergy.com
www.prochiz.com
www.triasmitra.com
www.kiaceramics.com
0
www.jababeka.com
www.hoffmen.co.id
www.kino.co.id
https://kioson.app/
www.kjn.id
https://kks-chemicals.com
www.raintbk.com
(021) 5835 1607
www.kalbe.co.id
http://www.klinko.id
www.kmds.co.id
www.kiranamegatara.com
www.kobexindo.com
kokohcity.com
0
www.koka.co. id
https://www.perdanabangunpusaka.co.id
http://new.mitraenergipersada.com/ 
www.dmspropertindo.com
www.steadfast-marine.com
www.cottonindo.com 
http://www.mncland.com
www.grandkartech.com
www.krakatausteel.com
www.quantumclovera.com
www.ptbkpjaya.com
www.aceoldfields.com
www.greenpowergroup.id
www.ubcindonesia.com
www.jasaberdikari.co.id
www.trimitraland.com
-
www.eurekaland.com
www.lckglobal.co.id
www.logindo.com  
www.imago-int.com
www.msiglife.co.id
www.linknet.co.id
www.lionmetal.co.id
https://www.homeco.co.id/
www.limas.com
https://lupromax.co.id/
http://www.langgengmakmur.com
www.lionmesh.com
www.logisticsplus.co.id
www.lippo-cikarang.com 
www.lgi.co.id
http://multiprimasejahtera.net
www.lippokarawaci.co.id
www.star-pacific.co.id 
www.matahari.com
www.lenox-pasifik.co.id
www.lorena-transport.com
www.londonsumatra.com
www.lautan-luas.com
www.sentral.co.id
www.lucyintheskyjakarta.com
www.mabaindonesia.com
www.mag-plantation.co.id
 www.mha.co.id
-
a
www.manggungpolahraya.co.id
www.mapactive.id
www.mbai.co.id
www.map.co.id
www.mari.co.id

www.mahakaradiointegra.com
www.dynamicsgroup.co.id
www.multistrada.co.id
www.bankmas.co.id
www.maxisnacks.com
www.bankmayapada.com
0
www.merdekabattery.com
www.mbss.co.id
www.martinaberto.co.id
https://www.mcash.id/
www.mandiricoal.co.id
idn.ccb.com
www.imc.co.id
www.merdekacoppergold.com
www.emdeki.co.id 
0
www.moderninternasional.co.id
www.medcoenergi.com 
https://www.evoplusmed.com/
www.bankmega.com
https://interra.co.id/
www.menngroup.id
www.merck.co.id
www.nusantarainfrastructure.com
www.mandalafinance.com
www.mmi.co.id
www.pancaanugrahwisesa.com, www.magranliving.com 
www.magnainvestamamandiri.co.id
www.mahkotagroup.com
www.multihanna.co.id
www.mic.co.id
	www.alfamidiku.com 
http://www.mitrakeluarga.com/ 
www.sanurhasta.com 
www.mitrarajasa.com
-
www.mkapr.co.id
www.mknt.id
www.pondokindahgroup.co.id
https://mktr.co.id/
-
0
www.mpc.id 
www.multipolar.com
www.multimed.co.id
mmproperty.com
www.mnc.co.id
www.molindo.co.id
www.moratelindo.co.id
www.mpstore.co.id
www.mpmgroup.co.id
www.megapowermakmur.co.id
www.mppa.co.id
www.mahaproperti.co.id
www.mpxlogistic.com
https://mustika-ratu.co.id/
www.marein-re.com
http://www.msie.co.id/
www.mncdigital.com
www.spunindo.com
www.mncvision.id
www.mastersystem.co.id
0
http://www.mitratel.co.id/
www.capitalinc-investment.com
www.metropolitanland.com
www.rsmurniteguh.com
www.metaepsi.com
www.mitrapemuda.co.id
www.metrorealty.co.id
www.mtwi.co.id
www.mutucertification.com 
www.samindoresources.com
-
http://www.hanson.co.id
www.apinvestama.co.id
www.nig.co.id
https://www.andalanperkasaabadi.co.id/
www.wahanaintimakmur.com 
www.suryapermataandalan.co.id
https://www.hassana.co.id/ 
www.tbpnickel.com
www.nellydwiputri.co.id
https://www.estaindonesia.co.id/
www.netvisimedia.co.id
www.ptnfc.com
www.akp.co.id
www.charnic.com
www.pammineral.co.id
http://www.latinusa.co.id
www.techno9indonesia.com
www.nipress.com
www.cityretaildevelopments.com
www.ocbc.id
www.nobubank.com
www.ptnpg.com
www.nusarayacipta.com
www.nssgroup.id
www.nusatama.com
www.sinergimegahtbk.com
www.nusantara-almazia.com 
www.maharaksabiru.com
www.drilchem.com
0
www.indooilperkasa.com
www.ancorair.com
www.oscarliving.com
www.onemed.co.id
www.ipp.co.id
https://www.opms.co.id
www.flexypack.com
www.persada.id
www.minnapadi.com
www.provident-investasi.com
www.bimasaktipertiwi.com
www.pantaiindahkapukdua.com
http://www.panorama-group.com
www.pans.co.id
www.ciptaperdanalancar.com
www.pancabudi.com
0
www.paramita.co.id 
www.pcafoods.com
www.panorama-destination.com
pt-pdp.com
www.pancaglobal.co.id 
https://www.phapros.co.id/
 http://www.pentavalent.co.id/
www.pgn.co.id
https://www.pge.pertamina.com
www.pigijo.com
www.ptpgli.co.id
www.pradiksi.co.id
0
www.multimakmurlemindo.com
www.ancol.com
www.pkpk-tbk.co.id/
www.planetproperindojaya.com
www.polarisinvestama.co.id
www.plazaindonesiarealty.com 
www.ptpmj.co.id
www.pancamitra.com
www.panin.co.id
www.pdsb.co.id 
www.pinagoutama.com
www.paninvest.co.id
nihil
0
www.pooladvistafinance.com
http://polluxinvestments.com/
www.pollux.com.sg/id/
www.goldenflower.co.id
www.asiapacificfibers.com
www.pooladvista.com
https://www.nusantaraport.id
www.blisspropertiindonesia.com
www.listrindo.com
www.pgl-logistic.com 
www.pp-presisi.co.id
www.paperocks.co.id
www.pp-properti.com 
www.panther-wheels.net
https://primayahospital.com/
www.prodia.co.id
www.royalprima.com
-
www.prasidha.co.id
www.palmaserasih.co.id
www.redplanetindonesia.co.id
https://www.imcpelitalog.com
www.ptba.co.id
http://djasaubersakti.co.id/
www.indostraits.co.id
www.mitrapack.co.id
www.masterprint.co.id
www.ptpp.co.id
www.pulausubur.com
www.pratamawidya.com
www.petrosea.com
http://www.satnusa.com
www.cfcindonesia.com
www. pudjiadiprestige.co.id
http://puratrans.com/
www.trinitanmetals.co.id
www.puriglobalsukses.id
www.pakuwonjati.com
www.pyfa.co.id
http://www.sarimelatikencana.co.id
https://www.mvpworld.com
www.skbfood.id
www.raja.co.id
http://www.ramayana.co.id 
Website: www. ranchmarket.co.id
www.ristiagroup.com
www.utamaradarcahaya.com
http://www.rodavivatex.co.id
http://repowerasiaindonesia.co.id
www.relifeasia.com
www.reliancesekuritas.com
www.kianmulia.com
0
www.rigtenders.co.id
www.rimointernational.com
http://www.tanrise.com
www.rmkenergy.com
www.rmko.co.id
www.rockfields.co.id
-
www.aeslergroup.com
www.sariroti.com
https://charliehospital.co.id/
www.grhakedoya.com
 www.radiant.co.id
www.runsystem.id
www.steadysafetbk.co.id
www.saptagroup.com
www.emc.id
www.saraswantifertilizer.com
www.sapx.id
www.kotasatuproperti.com 
www.sbatextile.com
www.suryabirumurni.co.id
0
http://www.scm.co.id
www.scnp.co.id
https://www.organon.com/indonesia/
www.sidomulyo.com
www.mpi-indonesia.co.id
www.bankwoorisaudara.com
https://sema.id/
www.sfcapital.co.id
www.sumberglobalenergy.co.id
www.sampoernaagro.com
www.pthsji.com
www.sillomaritime.com
www.sinerco.co.id
www.sidomuncul.co.id
www.siloamhospitals.com
www.siwani.co.id
www.simp.co.id
www.singarajaputra.com
www.sreeyasewu.com
www.sekarbumi.com
http://www.sekar.co.id
 www.superkrane.com
www.skybee.co.id
www.gaya-slis.com
https://www.smart-tbk.com
www.semenbaturaja.co.id
https://solusibangunindonesia.com
www.rancamaya.com
0
https://www.smgagroup.com
www.sig.id
https://www.sml.co.id/
www.satyamitra.com
www.konstruksimas.co.id
www.ptsml.id
www.smma.co.id
www.go-eagle.co.id
www.summarecon.com
www.smrutama.com
http://www.smsm.co.id
www.hotelsunlake.com
tidak berubah
www.boston-industries.com
www.sohoglobalhealth.com
www.xolare.co.id
http://www.sonatopas.co.id/
www.sos.co.id
www.satriamegakencana.com
http://hexsoul.co.id/
www.ptsuparmatbk.com
https://sorayaberjaya.id/
www.suryapertiwi.co.id
-
www.mayapadahospital.com
www.sritex.co.id
www.acidatama.co.id
www.http://saratoga-investama.com
www.suryainternusa.com
www.ssms.co.id
www.sunson.co.id
http://sta.co.id/
www.buanaarthaanugerah.co.id
https://lovinabeachbrewery.com/
www.siantartop.co.id
www.sugihenergy.com
http://www.sljglobal.com
www.sunindogroup.com
www.stptower.com
superenergi.com 
www.malgloves.com
www.sriwahana.id
https://www.saraswantiproperty.com/
www.tunasalfin.com
www.lancartamasejati.com
www.tamarin.co.id
www.tap-agri.com
www.agungsemestasejahtera.com
www.expressgroup.co.id
www.taysbakers.com
http://www.tower-bersama.com
http://www.tunasbarulampung.com 
	www.pttms.co.id 
www.mandom.co.id
http://www.transcoalpacific.com
www.tianrongchemical.com
www.tebe.co.id
www.indosterlingtechnomedia.com
www.omniinovasiindonesia.co.id
www.telefast.co.id
http://www.tifico.co.id/
www.tigaraksa.co.id 
www.terregra.co.id 
www.teguk.co.id
www.kdbtifa.co.id
www.timah.com
www.tiraaustenite.com
http://www.tirtamahakam.com
www.app.co.id
www.teladanprima.com
www.telkom.co.id
www.temas.id
tempo.id
www.ged.co.id
www.tbsenergi.com
http:/www.nankai.co.id
www.totalindo.co.id
www.topindoku.co.id
www.totalbp.com
investor.toto.co.id
http://www.ptsmn.co.id/
www.sunindo.id 
www.chandra-asri.com
www.transpowermarine.com
www.tram.co.id 
www.cerestargroup.co.id
www.triwirainsanlestari.com
www.trimegah.com
www.trinitiland.com
www.oke.com
www.trisula.co.id
www.transkon-rent.com
tkdn.co.id
www.trias-sentosa.com
www.trinitidinamik.com
www.gunatimurraya.com
www.trustfinanceindonesia.com
-
www.tugu.com
www.kingland.co.id
https://www.ptpakuan.com
www.unicharm.co.id
abn.farm
http://corp.ufoelektronika.com
https://www.ultrajaya.co.id/
http://www.uic.co.id
www.ulimanitra.co.id
www.nusantarainticorpora.com
http://www.bakriesumatera.com
www.TerangDuniaInternusa.com
www.unitedtractors.com
http://www.unilever.com
www.urbanjakarta.co.id
www.ultracorp.co.id
www.vastland.co.id 
www.veronapictures.co.id
http://www.vci.co.id/
www.victoriainvestama.co.id
www.victoriainsurance.co.id
www.satuvisiputra.com
www.vivagroup.co.id 
 www.vktr.id
http://www.voksel.co.id
www.mizuho-ls.co.id
www.venteny.com
www.wapo.co.id
www.wikagedung.co.id 
www.whitehorse.co.id 
https://www.wgshub.com/
www.wicaksana.co.id
 www.ptwidi.com
www.surge.co.id
www.wismilak.com 
www.wika.co.id
www.hattenbali.co.id
http://www.winnergroup.id/
www.wintermar.com
www.wir.group 
https://widodomakmurperkasa.co.id/
www.widodomakmurunggas.co.id
www.wom.co.id
www.integrafurniture.co.id
www.gj-energi.co.id
www.waskitaprecast.co.id
www.waskita.co.id
www.wikabeton.co.id
www.passpod.com
www.yanaprima.com
www.yuliesekuritas.com
www.elcorps.com
www.dnr.id
www.ptkpc.com
www.megaperintis.co.id
http://zyrex.com
